04-23 23:15:35 com_github_MitjaNemec_PlaceFootprints.action_place_footprints 405:Plugin executed on: 'linux'
04-23 23:15:35 com_github_MitjaNemec_PlaceFootprints.action_place_footprints 406:Plugin executed with python version: '3.10.6 (main, Mar 10 2023, 10:55:28) [GCC 11.3.0]'
04-23 23:15:35 com_github_MitjaNemec_PlaceFootprints.action_place_footprints 407:KiCad build version: 7.0.2-6a45011f42~172~ubuntu22.04.1
04-23 23:15:35 com_github_MitjaNemec_PlaceFootprints.action_place_footprints 408:Plugin version: 2.0.3
04-23 23:15:35 com_github_MitjaNemec_PlaceFootprints.action_place_footprints 409:Frame repr: <wx._core.Frame object at 0x7fd7d9540ca0>
04-23 23:15:35 com_github_MitjaNemec_PlaceFootprints.place_footprints 121:getting a list of all footprints on board
04-23 23:15:35 com_github_MitjaNemec_PlaceFootprints.place_footprints 156:Footprint D48 on root level
04-23 23:15:35 com_github_MitjaNemec_PlaceFootprints.place_footprints 156:Footprint C50 on root level
04-23 23:15:35 com_github_MitjaNemec_PlaceFootprints.place_footprints 156:Footprint C45 on root level
04-23 23:15:35 com_github_MitjaNemec_PlaceFootprints.place_footprints 156:Footprint D7 on root level
04-23 23:15:35 com_github_MitjaNemec_PlaceFootprints.place_footprints 156:Footprint C27 on root level
04-23 23:15:35 com_github_MitjaNemec_PlaceFootprints.place_footprints 156:Footprint C26 on root level
04-23 23:15:35 com_github_MitjaNemec_PlaceFootprints.place_footprints 156:Footprint C7 on root level
04-23 23:15:35 com_github_MitjaNemec_PlaceFootprints.place_footprints 156:Footprint D41 on root level
04-23 23:15:35 com_github_MitjaNemec_PlaceFootprints.place_footprints 156:Footprint C11 on root level
04-23 23:15:35 com_github_MitjaNemec_PlaceFootprints.place_footprints 156:Footprint D29 on root level
04-23 23:15:35 com_github_MitjaNemec_PlaceFootprints.place_footprints 156:Footprint D39 on root level
04-23 23:15:35 com_github_MitjaNemec_PlaceFootprints.place_footprints 156:Footprint C22 on root level
04-23 23:15:35 com_github_MitjaNemec_PlaceFootprints.place_footprints 156:Footprint D32 on root level
04-23 23:15:35 com_github_MitjaNemec_PlaceFootprints.place_footprints 156:Footprint D22 on root level
04-23 23:15:35 com_github_MitjaNemec_PlaceFootprints.place_footprints 156:Footprint D44 on root level
04-23 23:15:35 com_github_MitjaNemec_PlaceFootprints.place_footprints 156:Footprint C32 on root level
04-23 23:15:35 com_github_MitjaNemec_PlaceFootprints.place_footprints 156:Footprint C14 on root level
04-23 23:15:35 com_github_MitjaNemec_PlaceFootprints.place_footprints 156:Footprint D35 on root level
04-23 23:15:35 com_github_MitjaNemec_PlaceFootprints.place_footprints 156:Footprint C41 on root level
04-23 23:15:35 com_github_MitjaNemec_PlaceFootprints.place_footprints 156:Footprint D45 on root level
04-23 23:15:35 com_github_MitjaNemec_PlaceFootprints.place_footprints 156:Footprint D13 on root level
04-23 23:15:35 com_github_MitjaNemec_PlaceFootprints.place_footprints 156:Footprint C48 on root level
04-23 23:15:35 com_github_MitjaNemec_PlaceFootprints.place_footprints 156:Footprint D42 on root level
04-23 23:15:35 com_github_MitjaNemec_PlaceFootprints.place_footprints 156:Footprint D38 on root level
04-23 23:15:35 com_github_MitjaNemec_PlaceFootprints.place_footprints 156:Footprint D54 on root level
04-23 23:15:35 com_github_MitjaNemec_PlaceFootprints.place_footprints 156:Footprint D37 on root level
04-23 23:15:35 com_github_MitjaNemec_PlaceFootprints.place_footprints 156:Footprint C28 on root level
04-23 23:15:35 com_github_MitjaNemec_PlaceFootprints.place_footprints 156:Footprint C30 on root level
04-23 23:15:35 com_github_MitjaNemec_PlaceFootprints.place_footprints 156:Footprint C5 on root level
04-23 23:15:35 com_github_MitjaNemec_PlaceFootprints.place_footprints 156:Footprint D16 on root level
04-23 23:15:35 com_github_MitjaNemec_PlaceFootprints.place_footprints 156:Footprint D34 on root level
04-23 23:15:35 com_github_MitjaNemec_PlaceFootprints.place_footprints 156:Footprint C37 on root level
04-23 23:15:35 com_github_MitjaNemec_PlaceFootprints.place_footprints 156:Footprint C33 on root level
04-23 23:15:35 com_github_MitjaNemec_PlaceFootprints.place_footprints 156:Footprint D18 on root level
04-23 23:15:35 com_github_MitjaNemec_PlaceFootprints.place_footprints 156:Footprint D10 on root level
04-23 23:15:35 com_github_MitjaNemec_PlaceFootprints.place_footprints 156:Footprint D5 on root level
04-23 23:15:35 com_github_MitjaNemec_PlaceFootprints.place_footprints 156:Footprint D6 on root level
04-23 23:15:35 com_github_MitjaNemec_PlaceFootprints.place_footprints 156:Footprint C46 on root level
04-23 23:15:35 com_github_MitjaNemec_PlaceFootprints.place_footprints 156:Footprint D20 on root level
04-23 23:15:35 com_github_MitjaNemec_PlaceFootprints.place_footprints 156:Footprint D19 on root level
04-23 23:15:35 com_github_MitjaNemec_PlaceFootprints.place_footprints 156:Footprint C53 on root level
04-23 23:15:35 com_github_MitjaNemec_PlaceFootprints.place_footprints 156:Footprint D55 on root level
04-23 23:15:35 com_github_MitjaNemec_PlaceFootprints.place_footprints 156:Footprint D58 on root level
04-23 23:15:35 com_github_MitjaNemec_PlaceFootprints.place_footprints 156:Footprint C43 on root level
04-23 23:15:35 com_github_MitjaNemec_PlaceFootprints.place_footprints 156:Footprint C23 on root level
04-23 23:15:35 com_github_MitjaNemec_PlaceFootprints.place_footprints 156:Footprint C38 on root level
04-23 23:15:35 com_github_MitjaNemec_PlaceFootprints.place_footprints 156:Footprint D60 on root level
04-23 23:15:35 com_github_MitjaNemec_PlaceFootprints.place_footprints 156:Footprint C35 on root level
04-23 23:15:35 com_github_MitjaNemec_PlaceFootprints.place_footprints 156:Footprint C16 on root level
04-23 23:15:35 com_github_MitjaNemec_PlaceFootprints.place_footprints 156:Footprint D3 on root level
04-23 23:15:35 com_github_MitjaNemec_PlaceFootprints.place_footprints 156:Footprint C1 on root level
04-23 23:15:35 com_github_MitjaNemec_PlaceFootprints.place_footprints 156:Footprint C8 on root level
04-23 23:15:35 com_github_MitjaNemec_PlaceFootprints.place_footprints 156:Footprint D23 on root level
04-23 23:15:35 com_github_MitjaNemec_PlaceFootprints.place_footprints 156:Footprint C13 on root level
04-23 23:15:35 com_github_MitjaNemec_PlaceFootprints.place_footprints 156:Footprint C40 on root level
04-23 23:15:35 com_github_MitjaNemec_PlaceFootprints.place_footprints 156:Footprint D33 on root level
04-23 23:15:35 com_github_MitjaNemec_PlaceFootprints.place_footprints 156:Footprint C2 on root level
04-23 23:15:35 com_github_MitjaNemec_PlaceFootprints.place_footprints 156:Footprint D53 on root level
04-23 23:15:35 com_github_MitjaNemec_PlaceFootprints.place_footprints 156:Footprint C39 on root level
04-23 23:15:35 com_github_MitjaNemec_PlaceFootprints.place_footprints 156:Footprint D15 on root level
04-23 23:15:35 com_github_MitjaNemec_PlaceFootprints.place_footprints 156:Footprint C6 on root level
04-23 23:15:35 com_github_MitjaNemec_PlaceFootprints.place_footprints 156:Footprint C36 on root level
04-23 23:15:35 com_github_MitjaNemec_PlaceFootprints.place_footprints 156:Footprint D50 on root level
04-23 23:15:35 com_github_MitjaNemec_PlaceFootprints.place_footprints 156:Footprint D46 on root level
04-23 23:15:35 com_github_MitjaNemec_PlaceFootprints.place_footprints 156:Footprint D26 on root level
04-23 23:15:35 com_github_MitjaNemec_PlaceFootprints.place_footprints 156:Footprint D2 on root level
04-23 23:15:35 com_github_MitjaNemec_PlaceFootprints.place_footprints 156:Footprint C18 on root level
04-23 23:15:35 com_github_MitjaNemec_PlaceFootprints.place_footprints 156:Footprint C44 on root level
04-23 23:15:35 com_github_MitjaNemec_PlaceFootprints.place_footprints 156:Footprint C24 on root level
04-23 23:15:35 com_github_MitjaNemec_PlaceFootprints.place_footprints 156:Footprint D51 on root level
04-23 23:15:35 com_github_MitjaNemec_PlaceFootprints.place_footprints 156:Footprint D8 on root level
04-23 23:15:35 com_github_MitjaNemec_PlaceFootprints.place_footprints 156:Footprint C55 on root level
04-23 23:15:35 com_github_MitjaNemec_PlaceFootprints.place_footprints 156:Footprint D11 on root level
04-23 23:15:35 com_github_MitjaNemec_PlaceFootprints.place_footprints 156:Footprint C19 on root level
04-23 23:15:35 com_github_MitjaNemec_PlaceFootprints.place_footprints 156:Footprint D30 on root level
04-23 23:15:35 com_github_MitjaNemec_PlaceFootprints.place_footprints 156:Footprint C31 on root level
04-23 23:15:35 com_github_MitjaNemec_PlaceFootprints.place_footprints 156:Footprint D43 on root level
04-23 23:15:35 com_github_MitjaNemec_PlaceFootprints.place_footprints 156:Footprint C10 on root level
04-23 23:15:35 com_github_MitjaNemec_PlaceFootprints.place_footprints 156:Footprint C29 on root level
04-23 23:15:35 com_github_MitjaNemec_PlaceFootprints.place_footprints 156:Footprint D47 on root level
04-23 23:15:35 com_github_MitjaNemec_PlaceFootprints.place_footprints 156:Footprint C59 on root level
04-23 23:15:35 com_github_MitjaNemec_PlaceFootprints.place_footprints 156:Footprint D59 on root level
04-23 23:15:35 com_github_MitjaNemec_PlaceFootprints.place_footprints 156:Footprint C47 on root level
04-23 23:15:35 com_github_MitjaNemec_PlaceFootprints.place_footprints 156:Footprint C52 on root level
04-23 23:15:35 com_github_MitjaNemec_PlaceFootprints.place_footprints 156:Footprint C15 on root level
04-23 23:15:35 com_github_MitjaNemec_PlaceFootprints.place_footprints 156:Footprint D1 on root level
04-23 23:15:35 com_github_MitjaNemec_PlaceFootprints.place_footprints 156:Footprint D21 on root level
04-23 23:15:35 com_github_MitjaNemec_PlaceFootprints.place_footprints 156:Footprint D31 on root level
04-23 23:15:35 com_github_MitjaNemec_PlaceFootprints.place_footprints 156:Footprint D27 on root level
04-23 23:15:35 com_github_MitjaNemec_PlaceFootprints.place_footprints 156:Footprint D25 on root level
04-23 23:15:35 com_github_MitjaNemec_PlaceFootprints.place_footprints 156:Footprint C25 on root level
04-23 23:15:35 com_github_MitjaNemec_PlaceFootprints.place_footprints 156:Footprint D4 on root level
04-23 23:15:35 com_github_MitjaNemec_PlaceFootprints.place_footprints 156:Footprint C49 on root level
04-23 23:15:35 com_github_MitjaNemec_PlaceFootprints.place_footprints 156:Footprint D24 on root level
04-23 23:15:35 com_github_MitjaNemec_PlaceFootprints.place_footprints 156:Footprint D14 on root level
04-23 23:15:35 com_github_MitjaNemec_PlaceFootprints.place_footprints 156:Footprint C51 on root level
04-23 23:15:35 com_github_MitjaNemec_PlaceFootprints.place_footprints 156:Footprint D12 on root level
04-23 23:15:35 com_github_MitjaNemec_PlaceFootprints.place_footprints 156:Footprint D36 on root level
04-23 23:15:35 com_github_MitjaNemec_PlaceFootprints.place_footprints 156:Footprint C42 on root level
04-23 23:15:35 com_github_MitjaNemec_PlaceFootprints.place_footprints 156:Footprint C9 on root level
04-23 23:15:35 com_github_MitjaNemec_PlaceFootprints.place_footprints 156:Footprint D9 on root level
04-23 23:15:35 com_github_MitjaNemec_PlaceFootprints.place_footprints 156:Footprint C12 on root level
04-23 23:15:35 com_github_MitjaNemec_PlaceFootprints.place_footprints 156:Footprint C17 on root level
04-23 23:15:35 com_github_MitjaNemec_PlaceFootprints.place_footprints 156:Footprint C21 on root level
04-23 23:15:35 com_github_MitjaNemec_PlaceFootprints.place_footprints 156:Footprint C54 on root level
04-23 23:15:35 com_github_MitjaNemec_PlaceFootprints.place_footprints 156:Footprint C4 on root level
04-23 23:15:35 com_github_MitjaNemec_PlaceFootprints.place_footprints 156:Footprint D28 on root level
04-23 23:15:35 com_github_MitjaNemec_PlaceFootprints.place_footprints 156:Footprint C60 on root level
04-23 23:15:35 com_github_MitjaNemec_PlaceFootprints.place_footprints 156:Footprint D52 on root level
04-23 23:15:35 com_github_MitjaNemec_PlaceFootprints.place_footprints 156:Footprint C57 on root level
04-23 23:15:35 com_github_MitjaNemec_PlaceFootprints.place_footprints 156:Footprint C3 on root level
04-23 23:15:35 com_github_MitjaNemec_PlaceFootprints.place_footprints 156:Footprint C34 on root level
04-23 23:15:35 com_github_MitjaNemec_PlaceFootprints.place_footprints 156:Footprint C56 on root level
04-23 23:15:35 com_github_MitjaNemec_PlaceFootprints.place_footprints 156:Footprint C20 on root level
04-23 23:15:35 com_github_MitjaNemec_PlaceFootprints.place_footprints 156:Footprint D56 on root level
04-23 23:15:35 com_github_MitjaNemec_PlaceFootprints.place_footprints 156:Footprint C58 on root level
04-23 23:15:35 com_github_MitjaNemec_PlaceFootprints.place_footprints 156:Footprint D57 on root level
04-23 23:15:35 com_github_MitjaNemec_PlaceFootprints.place_footprints 156:Footprint D17 on root level
04-23 23:15:35 com_github_MitjaNemec_PlaceFootprints.place_footprints 156:Footprint D49 on root level
04-23 23:15:35 com_github_MitjaNemec_PlaceFootprints.place_footprints 156:Footprint D40 on root level
04-23 23:15:35 com_github_MitjaNemec_PlaceFootprints.place_footprints 156:Footprint J1 on root level
04-23 23:15:36 com_github_MitjaNemec_PlaceFootprints.action_place_footprints 588:Reference designator is: C
04-23 23:15:36 com_github_MitjaNemec_PlaceFootprints.action_place_footprints 589:Reference number is: 1
04-23 23:15:36 com_github_MitjaNemec_PlaceFootprints.action_place_footprints 621:Sorted and filtered list:
['C1', 'C2', 'C3', 'C4', 'C5', 'C6', 'C7', 'C8', 'C9', 'C10', 'C11', 'C12', 'C13', 'C14', 'C15', 'C16', 'C17', 'C18', 'C19', 'C20', 'C21', 'C22', 'C23', 'C24', 'C25', 'C26', 'C27', 'C28', 'C29', 'C30', 'C31', 'C32', 'C33', 'C34', 'C35', 'C36', 'C37', 'C38', 'C39', 'C40', 'C41', 'C42', 'C43', 'C44', 'C45', 'C46', 'C47', 'C48', 'C49', 'C50', 'C51', 'C52', 'C53', 'C54', 'C55', 'C56', 'C57', 'C58', 'C59', 'C60']
04-23 23:15:45 com_github_MitjaNemec_PlaceFootprints.action_place_footprints 659:Footprints to place:
['C1', 'C2', 'C3', 'C4', 'C5', 'C6', 'C7', 'C8', 'C9', 'C10', 'C11', 'C12', 'C13', 'C14', 'C15', 'C16', 'C17', 'C18', 'C19', 'C20', 'C21', 'C22', 'C23', 'C24', 'C25', 'C26', 'C27', 'C28', 'C29', 'C30', 'C31', 'C32', 'C33', 'C34', 'C35', 'C36', 'C37', 'C38', 'C39', 'C40', 'C41', 'C42', 'C43', 'C44', 'C45', 'C46', 'C47', 'C48', 'C49', 'C50', 'C51', 'C52', 'C53', 'C54', 'C55', 'C56', 'C57', 'C58', 'C59', 'C60']
04-23 23:15:45 com_github_MitjaNemec_PlaceFootprints.place_footprints 330:Starting placing with circular layout
04-23 23:15:45 com_github_MitjaNemec_PlaceFootprints.place_footprints 340:reference footprint position at: VECTOR2I(99980000, 21000000)
04-23 23:15:45 com_github_MitjaNemec_PlaceFootprints.place_footprints 345:rotation center at: (99980000, 100000000.0)
04-23 23:15:45 com_github_MitjaNemec_PlaceFootprints.place_footprints 450:Text of: C1 has property "Keep upright" rotation might not look as intended
04-23 23:15:45 com_github_MitjaNemec_PlaceFootprints.place_footprints 450:Text of: C1 has property "Keep upright" rotation might not look as intended
04-23 23:15:45 com_github_MitjaNemec_PlaceFootprints.place_footprints 450:Text of: C1 has property "Keep upright" rotation might not look as intended
04-23 23:15:45 com_github_MitjaNemec_PlaceFootprints.place_footprints 450:Text of: C1 has property "Keep upright" rotation might not look as intended
04-23 23:15:45 com_github_MitjaNemec_PlaceFootprints.place_footprints 450:Text of: C1 has property "Keep upright" rotation might not look as intended
04-23 23:15:45 com_github_MitjaNemec_PlaceFootprints.place_footprints 450:Text of: C1 has property "Keep upright" rotation might not look as intended
04-23 23:15:45 com_github_MitjaNemec_PlaceFootprints.place_footprints 450:Text of: C1 has property "Keep upright" rotation might not look as intended
04-23 23:15:45 com_github_MitjaNemec_PlaceFootprints.place_footprints 450:Text of: C1 has property "Keep upright" rotation might not look as intended
04-23 23:15:45 com_github_MitjaNemec_PlaceFootprints.place_footprints 450:Text of: C1 has property "Keep upright" rotation might not look as intended
04-23 23:15:45 com_github_MitjaNemec_PlaceFootprints.place_footprints 450:Text of: C1 has property "Keep upright" rotation might not look as intended
04-23 23:15:45 com_github_MitjaNemec_PlaceFootprints.place_footprints 450:Text of: C1 has property "Keep upright" rotation might not look as intended
04-23 23:15:45 com_github_MitjaNemec_PlaceFootprints.place_footprints 450:Text of: C1 has property "Keep upright" rotation might not look as intended
04-23 23:15:45 com_github_MitjaNemec_PlaceFootprints.place_footprints 450:Text of: C1 has property "Keep upright" rotation might not look as intended
04-23 23:15:45 com_github_MitjaNemec_PlaceFootprints.place_footprints 450:Text of: C1 has property "Keep upright" rotation might not look as intended
04-23 23:15:45 com_github_MitjaNemec_PlaceFootprints.place_footprints 450:Text of: C1 has property "Keep upright" rotation might not look as intended
04-23 23:15:45 com_github_MitjaNemec_PlaceFootprints.place_footprints 450:Text of: C1 has property "Keep upright" rotation might not look as intended
04-23 23:15:45 com_github_MitjaNemec_PlaceFootprints.place_footprints 450:Text of: C1 has property "Keep upright" rotation might not look as intended
04-23 23:15:45 com_github_MitjaNemec_PlaceFootprints.place_footprints 450:Text of: C1 has property "Keep upright" rotation might not look as intended
04-23 23:15:45 com_github_MitjaNemec_PlaceFootprints.place_footprints 450:Text of: C1 has property "Keep upright" rotation might not look as intended
04-23 23:15:45 com_github_MitjaNemec_PlaceFootprints.place_footprints 450:Text of: C1 has property "Keep upright" rotation might not look as intended
04-23 23:15:45 com_github_MitjaNemec_PlaceFootprints.place_footprints 450:Text of: C1 has property "Keep upright" rotation might not look as intended
04-23 23:15:45 com_github_MitjaNemec_PlaceFootprints.place_footprints 450:Text of: C1 has property "Keep upright" rotation might not look as intended
04-23 23:15:45 com_github_MitjaNemec_PlaceFootprints.place_footprints 450:Text of: C1 has property "Keep upright" rotation might not look as intended
04-23 23:15:45 com_github_MitjaNemec_PlaceFootprints.place_footprints 450:Text of: C1 has property "Keep upright" rotation might not look as intended
04-23 23:15:45 com_github_MitjaNemec_PlaceFootprints.place_footprints 450:Text of: C1 has property "Keep upright" rotation might not look as intended
04-23 23:15:45 com_github_MitjaNemec_PlaceFootprints.place_footprints 450:Text of: C1 has property "Keep upright" rotation might not look as intended
04-23 23:15:45 com_github_MitjaNemec_PlaceFootprints.place_footprints 450:Text of: C1 has property "Keep upright" rotation might not look as intended
04-23 23:15:45 com_github_MitjaNemec_PlaceFootprints.place_footprints 450:Text of: C1 has property "Keep upright" rotation might not look as intended
04-23 23:15:45 com_github_MitjaNemec_PlaceFootprints.place_footprints 450:Text of: C1 has property "Keep upright" rotation might not look as intended
04-23 23:15:45 com_github_MitjaNemec_PlaceFootprints.place_footprints 450:Text of: C1 has property "Keep upright" rotation might not look as intended
04-23 23:15:45 com_github_MitjaNemec_PlaceFootprints.place_footprints 450:Text of: C1 has property "Keep upright" rotation might not look as intended
04-23 23:15:45 com_github_MitjaNemec_PlaceFootprints.place_footprints 450:Text of: C1 has property "Keep upright" rotation might not look as intended
04-23 23:15:45 com_github_MitjaNemec_PlaceFootprints.place_footprints 450:Text of: C1 has property "Keep upright" rotation might not look as intended
04-23 23:15:45 com_github_MitjaNemec_PlaceFootprints.place_footprints 450:Text of: C1 has property "Keep upright" rotation might not look as intended
04-23 23:15:45 com_github_MitjaNemec_PlaceFootprints.place_footprints 450:Text of: C1 has property "Keep upright" rotation might not look as intended
04-23 23:15:45 com_github_MitjaNemec_PlaceFootprints.place_footprints 450:Text of: C1 has property "Keep upright" rotation might not look as intended
04-23 23:15:45 com_github_MitjaNemec_PlaceFootprints.place_footprints 450:Text of: C1 has property "Keep upright" rotation might not look as intended
04-23 23:15:45 com_github_MitjaNemec_PlaceFootprints.place_footprints 450:Text of: C1 has property "Keep upright" rotation might not look as intended
04-23 23:15:45 com_github_MitjaNemec_PlaceFootprints.place_footprints 450:Text of: C1 has property "Keep upright" rotation might not look as intended
04-23 23:15:45 com_github_MitjaNemec_PlaceFootprints.place_footprints 450:Text of: C1 has property "Keep upright" rotation might not look as intended
04-23 23:15:45 com_github_MitjaNemec_PlaceFootprints.place_footprints 450:Text of: C1 has property "Keep upright" rotation might not look as intended
04-23 23:15:45 com_github_MitjaNemec_PlaceFootprints.place_footprints 450:Text of: C1 has property "Keep upright" rotation might not look as intended
04-23 23:15:45 com_github_MitjaNemec_PlaceFootprints.place_footprints 450:Text of: C1 has property "Keep upright" rotation might not look as intended
04-23 23:15:45 com_github_MitjaNemec_PlaceFootprints.place_footprints 450:Text of: C1 has property "Keep upright" rotation might not look as intended
04-23 23:15:45 com_github_MitjaNemec_PlaceFootprints.place_footprints 450:Text of: C1 has property "Keep upright" rotation might not look as intended
04-23 23:15:45 com_github_MitjaNemec_PlaceFootprints.place_footprints 450:Text of: C1 has property "Keep upright" rotation might not look as intended
04-23 23:15:45 com_github_MitjaNemec_PlaceFootprints.place_footprints 450:Text of: C1 has property "Keep upright" rotation might not look as intended
04-23 23:15:45 com_github_MitjaNemec_PlaceFootprints.place_footprints 450:Text of: C1 has property "Keep upright" rotation might not look as intended
04-23 23:15:45 com_github_MitjaNemec_PlaceFootprints.place_footprints 450:Text of: C1 has property "Keep upright" rotation might not look as intended
04-23 23:15:45 com_github_MitjaNemec_PlaceFootprints.place_footprints 450:Text of: C1 has property "Keep upright" rotation might not look as intended
04-23 23:15:45 com_github_MitjaNemec_PlaceFootprints.place_footprints 450:Text of: C1 has property "Keep upright" rotation might not look as intended
04-23 23:15:45 com_github_MitjaNemec_PlaceFootprints.place_footprints 450:Text of: C1 has property "Keep upright" rotation might not look as intended
04-23 23:15:45 com_github_MitjaNemec_PlaceFootprints.place_footprints 450:Text of: C1 has property "Keep upright" rotation might not look as intended
04-23 23:15:45 com_github_MitjaNemec_PlaceFootprints.place_footprints 450:Text of: C1 has property "Keep upright" rotation might not look as intended
04-23 23:15:45 com_github_MitjaNemec_PlaceFootprints.place_footprints 450:Text of: C1 has property "Keep upright" rotation might not look as intended
04-23 23:15:45 com_github_MitjaNemec_PlaceFootprints.place_footprints 450:Text of: C1 has property "Keep upright" rotation might not look as intended
04-23 23:15:45 com_github_MitjaNemec_PlaceFootprints.place_footprints 450:Text of: C1 has property "Keep upright" rotation might not look as intended
04-23 23:15:45 com_github_MitjaNemec_PlaceFootprints.place_footprints 450:Text of: C1 has property "Keep upright" rotation might not look as intended
04-23 23:15:45 com_github_MitjaNemec_PlaceFootprints.place_footprints 450:Text of: C1 has property "Keep upright" rotation might not look as intended
04-23 23:15:45 com_github_MitjaNemec_PlaceFootprints.place_footprints 450:Text of: C1 has property "Keep upright" rotation might not look as intended
04-23 23:15:45 com_github_MitjaNemec_PlaceFootprints.place_footprints 450:Text of: C1 has property "Keep upright" rotation might not look as intended
04-23 23:15:45 com_github_MitjaNemec_PlaceFootprints.place_footprints 450:Text of: C1 has property "Keep upright" rotation might not look as intended
04-23 23:15:45 com_github_MitjaNemec_PlaceFootprints.place_footprints 450:Text of: C1 has property "Keep upright" rotation might not look as intended
04-23 23:15:45 com_github_MitjaNemec_PlaceFootprints.place_footprints 450:Text of: C1 has property "Keep upright" rotation might not look as intended
04-23 23:15:45 com_github_MitjaNemec_PlaceFootprints.place_footprints 450:Text of: C1 has property "Keep upright" rotation might not look as intended
04-23 23:15:45 com_github_MitjaNemec_PlaceFootprints.place_footprints 450:Text of: C1 has property "Keep upright" rotation might not look as intended
04-23 23:15:45 com_github_MitjaNemec_PlaceFootprints.place_footprints 450:Text of: C1 has property "Keep upright" rotation might not look as intended
04-23 23:15:45 com_github_MitjaNemec_PlaceFootprints.place_footprints 450:Text of: C1 has property "Keep upright" rotation might not look as intended
04-23 23:15:45 com_github_MitjaNemec_PlaceFootprints.place_footprints 450:Text of: C1 has property "Keep upright" rotation might not look as intended
04-23 23:15:45 com_github_MitjaNemec_PlaceFootprints.place_footprints 450:Text of: C1 has property "Keep upright" rotation might not look as intended
04-23 23:15:45 com_github_MitjaNemec_PlaceFootprints.place_footprints 450:Text of: C1 has property "Keep upright" rotation might not look as intended
04-23 23:15:45 com_github_MitjaNemec_PlaceFootprints.place_footprints 450:Text of: C1 has property "Keep upright" rotation might not look as intended
04-23 23:15:45 com_github_MitjaNemec_PlaceFootprints.place_footprints 450:Text of: C1 has property "Keep upright" rotation might not look as intended
04-23 23:15:45 com_github_MitjaNemec_PlaceFootprints.place_footprints 450:Text of: C1 has property "Keep upright" rotation might not look as intended
04-23 23:15:45 com_github_MitjaNemec_PlaceFootprints.place_footprints 450:Text of: C1 has property "Keep upright" rotation might not look as intended
04-23 23:15:45 com_github_MitjaNemec_PlaceFootprints.place_footprints 450:Text of: C1 has property "Keep upright" rotation might not look as intended
04-23 23:15:45 com_github_MitjaNemec_PlaceFootprints.place_footprints 450:Text of: C1 has property "Keep upright" rotation might not look as intended
04-23 23:15:45 com_github_MitjaNemec_PlaceFootprints.place_footprints 450:Text of: C1 has property "Keep upright" rotation might not look as intended
04-23 23:15:45 com_github_MitjaNemec_PlaceFootprints.place_footprints 450:Text of: C1 has property "Keep upright" rotation might not look as intended
04-23 23:15:45 com_github_MitjaNemec_PlaceFootprints.place_footprints 450:Text of: C1 has property "Keep upright" rotation might not look as intended
04-23 23:15:45 com_github_MitjaNemec_PlaceFootprints.place_footprints 450:Text of: C1 has property "Keep upright" rotation might not look as intended
04-23 23:15:45 com_github_MitjaNemec_PlaceFootprints.place_footprints 450:Text of: C1 has property "Keep upright" rotation might not look as intended
04-23 23:15:45 com_github_MitjaNemec_PlaceFootprints.place_footprints 450:Text of: C1 has property "Keep upright" rotation might not look as intended
04-23 23:15:45 com_github_MitjaNemec_PlaceFootprints.place_footprints 450:Text of: C1 has property "Keep upright" rotation might not look as intended
04-23 23:15:45 com_github_MitjaNemec_PlaceFootprints.place_footprints 450:Text of: C1 has property "Keep upright" rotation might not look as intended
04-23 23:15:45 com_github_MitjaNemec_PlaceFootprints.place_footprints 450:Text of: C1 has property "Keep upright" rotation might not look as intended
04-23 23:15:45 com_github_MitjaNemec_PlaceFootprints.place_footprints 450:Text of: C1 has property "Keep upright" rotation might not look as intended
04-23 23:15:45 com_github_MitjaNemec_PlaceFootprints.place_footprints 450:Text of: C1 has property "Keep upright" rotation might not look as intended
04-23 23:15:45 com_github_MitjaNemec_PlaceFootprints.place_footprints 450:Text of: C1 has property "Keep upright" rotation might not look as intended
04-23 23:15:45 com_github_MitjaNemec_PlaceFootprints.place_footprints 450:Text of: C1 has property "Keep upright" rotation might not look as intended
04-23 23:15:45 com_github_MitjaNemec_PlaceFootprints.place_footprints 450:Text of: C1 has property "Keep upright" rotation might not look as intended
04-23 23:15:45 com_github_MitjaNemec_PlaceFootprints.place_footprints 450:Text of: C1 has property "Keep upright" rotation might not look as intended
04-23 23:15:45 com_github_MitjaNemec_PlaceFootprints.place_footprints 450:Text of: C1 has property "Keep upright" rotation might not look as intended
04-23 23:15:45 com_github_MitjaNemec_PlaceFootprints.place_footprints 450:Text of: C1 has property "Keep upright" rotation might not look as intended
04-23 23:15:45 com_github_MitjaNemec_PlaceFootprints.place_footprints 450:Text of: C1 has property "Keep upright" rotation might not look as intended
04-23 23:15:45 com_github_MitjaNemec_PlaceFootprints.place_footprints 450:Text of: C1 has property "Keep upright" rotation might not look as intended
04-23 23:15:45 com_github_MitjaNemec_PlaceFootprints.place_footprints 450:Text of: C1 has property "Keep upright" rotation might not look as intended
04-23 23:15:45 com_github_MitjaNemec_PlaceFootprints.place_footprints 450:Text of: C1 has property "Keep upright" rotation might not look as intended
04-23 23:15:45 com_github_MitjaNemec_PlaceFootprints.place_footprints 450:Text of: C1 has property "Keep upright" rotation might not look as intended
04-23 23:15:45 com_github_MitjaNemec_PlaceFootprints.place_footprints 450:Text of: C1 has property "Keep upright" rotation might not look as intended
04-23 23:15:45 com_github_MitjaNemec_PlaceFootprints.place_footprints 450:Text of: C1 has property "Keep upright" rotation might not look as intended
04-23 23:15:45 com_github_MitjaNemec_PlaceFootprints.place_footprints 450:Text of: C1 has property "Keep upright" rotation might not look as intended
04-23 23:15:45 com_github_MitjaNemec_PlaceFootprints.place_footprints 450:Text of: C1 has property "Keep upright" rotation might not look as intended
04-23 23:15:45 com_github_MitjaNemec_PlaceFootprints.place_footprints 450:Text of: C1 has property "Keep upright" rotation might not look as intended
04-23 23:15:45 com_github_MitjaNemec_PlaceFootprints.place_footprints 450:Text of: C1 has property "Keep upright" rotation might not look as intended
04-23 23:15:45 com_github_MitjaNemec_PlaceFootprints.place_footprints 450:Text of: C1 has property "Keep upright" rotation might not look as intended
04-23 23:15:45 com_github_MitjaNemec_PlaceFootprints.place_footprints 450:Text of: C1 has property "Keep upright" rotation might not look as intended
04-23 23:15:45 com_github_MitjaNemec_PlaceFootprints.place_footprints 450:Text of: C1 has property "Keep upright" rotation might not look as intended
04-23 23:15:45 com_github_MitjaNemec_PlaceFootprints.place_footprints 450:Text of: C1 has property "Keep upright" rotation might not look as intended
04-23 23:15:45 com_github_MitjaNemec_PlaceFootprints.place_footprints 450:Text of: C1 has property "Keep upright" rotation might not look as intended
04-23 23:15:45 com_github_MitjaNemec_PlaceFootprints.place_footprints 450:Text of: C1 has property "Keep upright" rotation might not look as intended
04-23 23:15:45 com_github_MitjaNemec_PlaceFootprints.place_footprints 450:Text of: C1 has property "Keep upright" rotation might not look as intended
04-23 23:15:45 com_github_MitjaNemec_PlaceFootprints.place_footprints 450:Text of: C1 has property "Keep upright" rotation might not look as intended
04-23 23:15:45 com_github_MitjaNemec_PlaceFootprints.place_footprints 450:Text of: C1 has property "Keep upright" rotation might not look as intended
04-23 23:15:45 com_github_MitjaNemec_PlaceFootprints.place_footprints 450:Text of: C1 has property "Keep upright" rotation might not look as intended
04-23 23:15:45 com_github_MitjaNemec_PlaceFootprints.place_footprints 450:Text of: C1 has property "Keep upright" rotation might not look as intended
04-23 23:15:45 com_github_MitjaNemec_PlaceFootprints.place_footprints 450:Text of: C1 has property "Keep upright" rotation might not look as intended
04-23 23:15:45 com_github_MitjaNemec_PlaceFootprints.place_footprints 450:Text of: C1 has property "Keep upright" rotation might not look as intended
04-23 23:15:45 com_github_MitjaNemec_PlaceFootprints.action_place_footprints 674:Placing complete
